<pre>[Bitrix\Main\DB\ConnectionException] 
Mysql connect error [localhost]: (1045) Access denied for user '******'@'localhost' (using password: YES) (400)
/home/bitrix/www/bitrix/modules/main/lib/db/mysqliconnection.php:65
#0: Bitrix\Main\DB\MysqliConnection-&gt;connectInternal()
	/home/bitrix/www/bitrix/modules/main/lib/db/mysqliconnection.php:122
#1: Bitrix\Main\DB\MysqliConnection-&gt;queryInternal(string, array, NULL)
	/home/bitrix/www/bitrix/modules/main/lib/db/connection.php:329
#2: Bitrix\Main\DB\Connection-&gt;query(string)
	/home/bitrix/www/bitrix/modules/main/lib/config/option.php:226
#3: Bitrix\Main\Config\Option::load(string, NULL)
	/home/bitrix/www/bitrix/modules/main/lib/config/option.php:53
#4: Bitrix\Main\Config\Option::get(string, string, string)
	/home/bitrix/www/bitrix/modules/main/lib/httprequest.php:339
#5: Bitrix\Main\HttpRequest-&gt;prepareCookie(array)
	/home/bitrix/www/bitrix/modules/main/lib/httprequest.php:63
#6: Bitrix\Main\HttpRequest-&gt;__construct(object, array, array, array, array)
	/home/bitrix/www/bitrix/modules/main/lib/httpapplication.php:42
#7: Bitrix\Main\HttpApplication-&gt;initializeContext(array)
	/home/bitrix/www/bitrix/modules/main/lib/application.php:122
#8: Bitrix\Main\Application-&gt;initializeExtendedKernel(array)
	/home/bitrix/www/bitrix/modules/main/include.php:23
#9: require_once(string)
	/home/bitrix/www/bitrix/modules/main/include/prolog_before.php:14
#10: require(string)
	/home/bitrix/www/bitrix/modules/mail/smtpd.php:10
</pre><pre>[Bitrix\Main\DB\ConnectionException] 
Mysql connect error [localhost]: (1045) Access denied for user '******'@'localhost' (using password: YES) (400)
/home/bitrix/www/bitrix/modules/main/lib/db/mysqliconnection.php:65
#0: Bitrix\Main\DB\MysqliConnection-&gt;connectInternal()
	/home/bitrix/www/bitrix/modules/main/lib/db/mysqliconnection.php:122
#1: Bitrix\Main\DB\MysqliConnection-&gt;queryInternal(string, array, NULL)
	/home/bitrix/www/bitrix/modules/main/lib/db/connection.php:329
#2: Bitrix\Main\DB\Connection-&gt;query(string)
	/home/bitrix/www/bitrix/modules/main/lib/config/option.php:226
#3: Bitrix\Main\Config\Option::load(string, NULL)
	/home/bitrix/www/bitrix/modules/main/lib/config/option.php:53
#4: Bitrix\Main\Config\Option::get(string, string, string)
	/home/bitrix/www/bitrix/modules/main/lib/httprequest.php:339
#5: Bitrix\Main\HttpRequest-&gt;prepareCookie(array)
	/home/bitrix/www/bitrix/modules/main/lib/httprequest.php:63
#6: Bitrix\Main\HttpRequest-&gt;__construct(object, array, array, array, array)
	/home/bitrix/www/bitrix/modules/main/lib/httpapplication.php:42
#7: Bitrix\Main\HttpApplication-&gt;initializeContext(array)
	/home/bitrix/www/bitrix/modules/main/lib/application.php:122
#8: Bitrix\Main\Application-&gt;initializeExtendedKernel(array)
	/home/bitrix/www/bitrix/modules/main/include.php:23
#9: require_once(string)
	/home/bitrix/www/bitrix/modules/main/include/prolog_before.php:14
#10: require(string)
	/home/bitrix/www/bitrix/modules/mail/smtpd.php:10
</pre><pre>[Bitrix\Main\DB\ConnectionException] 
Mysql connect error [localhost]: (1045) Access denied for user '******'@'localhost' (using password: YES) (400)
/home/bitrix/www/bitrix/modules/main/lib/db/mysqliconnection.php:65
#0: Bitrix\Main\DB\MysqliConnection-&gt;connectInternal()
	/home/bitrix/www/bitrix/modules/main/lib/db/mysqliconnection.php:122
#1: Bitrix\Main\DB\MysqliConnection-&gt;queryInternal(string, array, NULL)
	/home/bitrix/www/bitrix/modules/main/lib/db/connection.php:329
#2: Bitrix\Main\DB\Connection-&gt;query(string)
	/home/bitrix/www/bitrix/modules/main/lib/config/option.php:226
#3: Bitrix\Main\Config\Option::load(string, NULL)
	/home/bitrix/www/bitrix/modules/main/lib/config/option.php:53
#4: Bitrix\Main\Config\Option::get(string, string, string)
	/home/bitrix/www/bitrix/modules/main/lib/httprequest.php:339
#5: Bitrix\Main\HttpRequest-&gt;prepareCookie(array)
	/home/bitrix/www/bitrix/modules/main/lib/httprequest.php:63
#6: Bitrix\Main\HttpRequest-&gt;__construct(object, array, array, array, array)
	/home/bitrix/www/bitrix/modules/main/lib/httpapplication.php:42
#7: Bitrix\Main\HttpApplication-&gt;initializeContext(array)
	/home/bitrix/www/bitrix/modules/main/lib/application.php:122
#8: Bitrix\Main\Application-&gt;initializeExtendedKernel(array)
	/home/bitrix/www/bitrix/modules/main/include.php:23
#9: require_once(string)
	/home/bitrix/www/bitrix/modules/main/include/prolog_before.php:14
#10: require(string)
	/home/bitrix/www/bitrix/modules/mail/smtpd.php:10
</pre><pre>[Bitrix\Main\DB\ConnectionException] 
Mysql connect error [localhost]: (1045) Access denied for user '******'@'localhost' (using password: YES) (400)
/home/bitrix/www/bitrix/modules/main/lib/db/mysqliconnection.php:65
#0: Bitrix\Main\DB\MysqliConnection-&gt;connectInternal()
	/home/bitrix/www/bitrix/modules/main/lib/db/mysqliconnection.php:122
#1: Bitrix\Main\DB\MysqliConnection-&gt;queryInternal(string, array, NULL)
	/home/bitrix/www/bitrix/modules/main/lib/db/connection.php:329
#2: Bitrix\Main\DB\Connection-&gt;query(string)
	/home/bitrix/www/bitrix/modules/main/lib/config/option.php:226
#3: Bitrix\Main\Config\Option::load(string, NULL)
	/home/bitrix/www/bitrix/modules/main/lib/config/option.php:53
#4: Bitrix\Main\Config\Option::get(string, string, string)
	/home/bitrix/www/bitrix/modules/main/lib/httprequest.php:339
#5: Bitrix\Main\HttpRequest-&gt;prepareCookie(array)
	/home/bitrix/www/bitrix/modules/main/lib/httprequest.php:63
#6: Bitrix\Main\HttpRequest-&gt;__construct(object, array, array, array, array)
	/home/bitrix/www/bitrix/modules/main/lib/httpapplication.php:42
#7: Bitrix\Main\HttpApplication-&gt;initializeContext(array)
	/home/bitrix/www/bitrix/modules/main/lib/application.php:122
#8: Bitrix\Main\Application-&gt;initializeExtendedKernel(array)
	/home/bitrix/www/bitrix/modules/main/include.php:23
#9: require_once(string)
	/home/bitrix/www/bitrix/modules/main/include/prolog_before.php:14
#10: require(string)
	/home/bitrix/www/bitrix/modules/mail/smtpd.php:10
</pre><pre>[Bitrix\Main\DB\ConnectionException] 
Mysql connect error [localhost]: (1045) Access denied for user '******'@'localhost' (using password: YES) (400)
/home/bitrix/www/bitrix/modules/main/lib/db/mysqliconnection.php:65
#0: Bitrix\Main\DB\MysqliConnection-&gt;connectInternal()
	/home/bitrix/www/bitrix/modules/main/lib/db/mysqliconnection.php:122
#1: Bitrix\Main\DB\MysqliConnection-&gt;queryInternal(string, array, NULL)
	/home/bitrix/www/bitrix/modules/main/lib/db/connection.php:329
#2: Bitrix\Main\DB\Connection-&gt;query(string)
	/home/bitrix/www/bitrix/modules/main/lib/config/option.php:226
#3: Bitrix\Main\Config\Option::load(string, NULL)
	/home/bitrix/www/bitrix/modules/main/lib/config/option.php:53
#4: Bitrix\Main\Config\Option::get(string, string, string)
	/home/bitrix/www/bitrix/modules/main/lib/httprequest.php:339
#5: Bitrix\Main\HttpRequest-&gt;prepareCookie(array)
	/home/bitrix/www/bitrix/modules/main/lib/httprequest.php:63
#6: Bitrix\Main\HttpRequest-&gt;__construct(object, array, array, array, array)
	/home/bitrix/www/bitrix/modules/main/lib/httpapplication.php:42
#7: Bitrix\Main\HttpApplication-&gt;initializeContext(array)
	/home/bitrix/www/bitrix/modules/main/lib/application.php:122
#8: Bitrix\Main\Application-&gt;initializeExtendedKernel(array)
	/home/bitrix/www/bitrix/modules/main/include.php:23
#9: require_once(string)
	/home/bitrix/www/bitrix/modules/main/include/prolog_before.php:14
#10: require(string)
	/home/bitrix/www/bitrix/modules/mail/smtpd.php:10
</pre><pre>[Bitrix\Main\DB\ConnectionException] 
Mysql connect error [localhost]: (1045) Access denied for user '******'@'localhost' (using password: YES) (400)
/home/bitrix/www/bitrix/modules/main/lib/db/mysqliconnection.php:65
#0: Bitrix\Main\DB\MysqliConnection-&gt;connectInternal()
	/home/bitrix/www/bitrix/modules/main/lib/db/mysqliconnection.php:122
#1: Bitrix\Main\DB\MysqliConnection-&gt;queryInternal(string, array, NULL)
	/home/bitrix/www/bitrix/modules/main/lib/db/connection.php:329
#2: Bitrix\Main\DB\Connection-&gt;query(string)
	/home/bitrix/www/bitrix/modules/main/lib/config/option.php:226
#3: Bitrix\Main\Config\Option::load(string, NULL)
	/home/bitrix/www/bitrix/modules/main/lib/config/option.php:53
#4: Bitrix\Main\Config\Option::get(string, string, string)
	/home/bitrix/www/bitrix/modules/main/lib/httprequest.php:339
#5: Bitrix\Main\HttpRequest-&gt;prepareCookie(array)
	/home/bitrix/www/bitrix/modules/main/lib/httprequest.php:63
#6: Bitrix\Main\HttpRequest-&gt;__construct(object, array, array, array, array)
	/home/bitrix/www/bitrix/modules/main/lib/httpapplication.php:42
#7: Bitrix\Main\HttpApplication-&gt;initializeContext(array)
	/home/bitrix/www/bitrix/modules/main/lib/application.php:122
#8: Bitrix\Main\Application-&gt;initializeExtendedKernel(array)
	/home/bitrix/www/bitrix/modules/main/include.php:23
#9: require_once(string)
	/home/bitrix/www/bitrix/modules/main/include/prolog_before.php:14
#10: require(string)
	/home/bitrix/www/bitrix/modules/mail/smtpd.php:10
</pre><pre>[Bitrix\Main\DB\ConnectionException] 
Mysql connect error [localhost]: (1045) Access denied for user '******'@'localhost' (using password: YES) (400)
/home/bitrix/www/bitrix/modules/main/lib/db/mysqliconnection.php:65
#0: Bitrix\Main\DB\MysqliConnection-&gt;connectInternal()
	/home/bitrix/www/bitrix/modules/main/lib/db/mysqliconnection.php:122
#1: Bitrix\Main\DB\MysqliConnection-&gt;queryInternal(string, array, NULL)
	/home/bitrix/www/bitrix/modules/main/lib/db/connection.php:329
#2: Bitrix\Main\DB\Connection-&gt;query(string)
	/home/bitrix/www/bitrix/modules/main/lib/config/option.php:226
#3: Bitrix\Main\Config\Option::load(string, NULL)
	/home/bitrix/www/bitrix/modules/main/lib/config/option.php:53
#4: Bitrix\Main\Config\Option::get(string, string, string)
	/home/bitrix/www/bitrix/modules/main/lib/httprequest.php:339
#5: Bitrix\Main\HttpRequest-&gt;prepareCookie(array)
	/home/bitrix/www/bitrix/modules/main/lib/httprequest.php:63
#6: Bitrix\Main\HttpRequest-&gt;__construct(object, array, array, array, array)
	/home/bitrix/www/bitrix/modules/main/lib/httpapplication.php:42
#7: Bitrix\Main\HttpApplication-&gt;initializeContext(array)
	/home/bitrix/www/bitrix/modules/main/lib/application.php:122
#8: Bitrix\Main\Application-&gt;initializeExtendedKernel(array)
	/home/bitrix/www/bitrix/modules/main/include.php:23
#9: require_once(string)
	/home/bitrix/www/bitrix/modules/main/include/prolog_before.php:14
#10: require(string)
	/home/bitrix/www/bitrix/modules/mail/smtpd.php:10
</pre><pre>[Bitrix\Main\DB\ConnectionException] 
Mysql connect error [localhost]: (1045) Access denied for user '******'@'localhost' (using password: YES) (400)
/home/bitrix/www/bitrix/modules/main/lib/db/mysqliconnection.php:65
#0: Bitrix\Main\DB\MysqliConnection-&gt;connectInternal()
	/home/bitrix/www/bitrix/modules/main/lib/db/mysqliconnection.php:122
#1: Bitrix\Main\DB\MysqliConnection-&gt;queryInternal(string, array, NULL)
	/home/bitrix/www/bitrix/modules/main/lib/db/connection.php:329
#2: Bitrix\Main\DB\Connection-&gt;query(string)
	/home/bitrix/www/bitrix/modules/main/lib/config/option.php:226
#3: Bitrix\Main\Config\Option::load(string, NULL)
	/home/bitrix/www/bitrix/modules/main/lib/config/option.php:53
#4: Bitrix\Main\Config\Option::get(string, string, string)
	/home/bitrix/www/bitrix/modules/main/lib/httprequest.php:339
#5: Bitrix\Main\HttpRequest-&gt;prepareCookie(array)
	/home/bitrix/www/bitrix/modules/main/lib/httprequest.php:63
#6: Bitrix\Main\HttpRequest-&gt;__construct(object, array, array, array, array)
	/home/bitrix/www/bitrix/modules/main/lib/httpapplication.php:42
#7: Bitrix\Main\HttpApplication-&gt;initializeContext(array)
	/home/bitrix/www/bitrix/modules/main/lib/application.php:122
#8: Bitrix\Main\Application-&gt;initializeExtendedKernel(array)
	/home/bitrix/www/bitrix/modules/main/include.php:23
#9: require_once(string)
	/home/bitrix/www/bitrix/modules/main/include/prolog_before.php:14
#10: require(string)
	/home/bitrix/www/bitrix/modules/mail/smtpd.php:10
</pre><pre>[Bitrix\Main\DB\ConnectionException] 
Mysql connect error [localhost]: (1045) Access denied for user '******'@'localhost' (using password: YES) (400)
/home/bitrix/www/bitrix/modules/main/lib/db/mysqliconnection.php:65
#0: Bitrix\Main\DB\MysqliConnection-&gt;connectInternal()
	/home/bitrix/www/bitrix/modules/main/lib/db/mysqliconnection.php:122
#1: Bitrix\Main\DB\MysqliConnection-&gt;queryInternal(string, array, NULL)
	/home/bitrix/www/bitrix/modules/main/lib/db/connection.php:329
#2: Bitrix\Main\DB\Connection-&gt;query(string)
	/home/bitrix/www/bitrix/modules/main/lib/config/option.php:226
#3: Bitrix\Main\Config\Option::load(string, NULL)
	/home/bitrix/www/bitrix/modules/main/lib/config/option.php:53
#4: Bitrix\Main\Config\Option::get(string, string, string)
	/home/bitrix/www/bitrix/modules/main/lib/httprequest.php:339
#5: Bitrix\Main\HttpRequest-&gt;prepareCookie(array)
	/home/bitrix/www/bitrix/modules/main/lib/httprequest.php:63
#6: Bitrix\Main\HttpRequest-&gt;__construct(object, array, array, array, array)
	/home/bitrix/www/bitrix/modules/main/lib/httpapplication.php:42
#7: Bitrix\Main\HttpApplication-&gt;initializeContext(array)
	/home/bitrix/www/bitrix/modules/main/lib/application.php:122
#8: Bitrix\Main\Application-&gt;initializeExtendedKernel(array)
	/home/bitrix/www/bitrix/modules/main/include.php:23
#9: require_once(string)
	/home/bitrix/www/bitrix/modules/main/include/prolog_before.php:14
#10: require(string)
	/home/bitrix/www/bitrix/modules/mail/smtpd.php:10
</pre><pre>[Bitrix\Main\DB\ConnectionException] 
Mysql connect error [localhost]: (1045) Access denied for user '******'@'localhost' (using password: YES) (400)
/home/bitrix/www/bitrix/modules/main/lib/db/mysqliconnection.php:65
#0: Bitrix\Main\DB\MysqliConnection-&gt;connectInternal()
	/home/bitrix/www/bitrix/modules/main/lib/db/mysqliconnection.php:122
#1: Bitrix\Main\DB\MysqliConnection-&gt;queryInternal(string, array, NULL)
	/home/bitrix/www/bitrix/modules/main/lib/db/connection.php:329
#2: Bitrix\Main\DB\Connection-&gt;query(string)
	/home/bitrix/www/bitrix/modules/main/lib/config/option.php:226
#3: Bitrix\Main\Config\Option::load(string, NULL)
	/home/bitrix/www/bitrix/modules/main/lib/config/option.php:53
#4: Bitrix\Main\Config\Option::get(string, string, string)
	/home/bitrix/www/bitrix/modules/main/lib/httprequest.php:339
#5: Bitrix\Main\HttpRequest-&gt;prepareCookie(array)
	/home/bitrix/www/bitrix/modules/main/lib/httprequest.php:63
#6: Bitrix\Main\HttpRequest-&gt;__construct(object, array, array, array, array)
	/home/bitrix/www/bitrix/modules/main/lib/httpapplication.php:42
#7: Bitrix\Main\HttpApplication-&gt;initializeContext(array)
	/home/bitrix/www/bitrix/modules/main/lib/application.php:122
#8: Bitrix\Main\Application-&gt;initializeExtendedKernel(array)
	/home/bitrix/www/bitrix/modules/main/include.php:23
#9: require_once(string)
	/home/bitrix/www/bitrix/modules/main/include/prolog_before.php:14
#10: require(string)
	/home/bitrix/www/bitrix/modules/mail/smtpd.php:10
</pre><pre>[Bitrix\Main\DB\ConnectionException] 
Mysql connect error [localhost]: (1045) Access denied for user '******'@'localhost' (using password: YES) (400)
/home/bitrix/www/bitrix/modules/main/lib/db/mysqliconnection.php:65
#0: Bitrix\Main\DB\MysqliConnection-&gt;connectInternal()
	/home/bitrix/www/bitrix/modules/main/lib/db/mysqliconnection.php:122
#1: Bitrix\Main\DB\MysqliConnection-&gt;queryInternal(string, array, NULL)
	/home/bitrix/www/bitrix/modules/main/lib/db/connection.php:329
#2: Bitrix\Main\DB\Connection-&gt;query(string)
	/home/bitrix/www/bitrix/modules/main/lib/config/option.php:226
#3: Bitrix\Main\Config\Option::load(string, NULL)
	/home/bitrix/www/bitrix/modules/main/lib/config/option.php:53
#4: Bitrix\Main\Config\Option::get(string, string, string)
	/home/bitrix/www/bitrix/modules/main/lib/httprequest.php:339
#5: Bitrix\Main\HttpRequest-&gt;prepareCookie(array)
	/home/bitrix/www/bitrix/modules/main/lib/httprequest.php:63
#6: Bitrix\Main\HttpRequest-&gt;__construct(object, array, array, array, array)
	/home/bitrix/www/bitrix/modules/main/lib/httpapplication.php:42
#7: Bitrix\Main\HttpApplication-&gt;initializeContext(array)
	/home/bitrix/www/bitrix/modules/main/lib/application.php:122
#8: Bitrix\Main\Application-&gt;initializeExtendedKernel(array)
	/home/bitrix/www/bitrix/modules/main/include.php:23
#9: require_once(string)
	/home/bitrix/www/bitrix/modules/main/include/prolog_before.php:14
#10: require(string)
	/home/bitrix/www/bitrix/modules/mail/smtpd.php:10
</pre><pre>[Bitrix\Main\DB\ConnectionException] 
Mysql connect error [localhost]: (1045) Access denied for user '******'@'localhost' (using password: YES) (400)
/home/bitrix/www/bitrix/modules/main/lib/db/mysqliconnection.php:65
#0: Bitrix\Main\DB\MysqliConnection-&gt;connectInternal()
	/home/bitrix/www/bitrix/modules/main/lib/db/mysqliconnection.php:122
#1: Bitrix\Main\DB\MysqliConnection-&gt;queryInternal(string, array, NULL)
	/home/bitrix/www/bitrix/modules/main/lib/db/connection.php:329
#2: Bitrix\Main\DB\Connection-&gt;query(string)
	/home/bitrix/www/bitrix/modules/main/lib/config/option.php:226
#3: Bitrix\Main\Config\Option::load(string, NULL)
	/home/bitrix/www/bitrix/modules/main/lib/config/option.php:53
#4: Bitrix\Main\Config\Option::get(string, string, string)
	/home/bitrix/www/bitrix/modules/main/lib/httprequest.php:339
#5: Bitrix\Main\HttpRequest-&gt;prepareCookie(array)
	/home/bitrix/www/bitrix/modules/main/lib/httprequest.php:63
#6: Bitrix\Main\HttpRequest-&gt;__construct(object, array, array, array, array)
	/home/bitrix/www/bitrix/modules/main/lib/httpapplication.php:42
#7: Bitrix\Main\HttpApplication-&gt;initializeContext(array)
	/home/bitrix/www/bitrix/modules/main/lib/application.php:122
#8: Bitrix\Main\Application-&gt;initializeExtendedKernel(array)
	/home/bitrix/www/bitrix/modules/main/include.php:23
#9: require_once(string)
	/home/bitrix/www/bitrix/modules/main/include/prolog_before.php:14
#10: require(string)
	/home/bitrix/www/bitrix/modules/mail/smtpd.php:10
</pre><pre>[Bitrix\Main\DB\SqlQueryException] 
Mysql query error: (1146) Table 'bitrix_94.b_option' doesn't exist (400)
SELECT o.SITE_ID, o.MODULE_ID, o.NAME, o.VALUE FROM b_option o 
/home/bitrix/www/bitrix/modules/main/lib/db/mysqliconnection.php:137
#0: Bitrix\Main\DB\MysqliConnection-&gt;queryInternal(string, array, NULL)
	/home/bitrix/www/bitrix/modules/main/lib/db/connection.php:329
#1: Bitrix\Main\DB\Connection-&gt;query(string)
	/home/bitrix/www/bitrix/modules/main/lib/config/option.php:226
#2: Bitrix\Main\Config\Option::load(string, NULL)
	/home/bitrix/www/bitrix/modules/main/lib/config/option.php:53
#3: Bitrix\Main\Config\Option::get(string, string, string)
	/home/bitrix/www/bitrix/modules/main/lib/httprequest.php:339
#4: Bitrix\Main\HttpRequest-&gt;prepareCookie(array)
	/home/bitrix/www/bitrix/modules/main/lib/httprequest.php:63
#5: Bitrix\Main\HttpRequest-&gt;__construct(object, array, array, array, array)
	/home/bitrix/www/bitrix/modules/main/lib/httpapplication.php:42
#6: Bitrix\Main\HttpApplication-&gt;initializeContext(array)
	/home/bitrix/www/bitrix/modules/main/lib/application.php:122
#7: Bitrix\Main\Application-&gt;initializeExtendedKernel(array)
	/home/bitrix/www/bitrix/modules/main/include.php:23
#8: require_once(string)
	/home/bitrix/www/bitrix/modules/main/include/prolog_before.php:14
#9: require(string)
	/home/bitrix/www/bitrix/modules/mail/smtpd.php:10
</pre><pre>[Bitrix\Main\DB\SqlQueryException] 
Mysql query error: (1146) Table 'bitrix_94.b_option' doesn't exist (400)
SELECT o.SITE_ID, o.MODULE_ID, o.NAME, o.VALUE FROM b_option o 
/home/bitrix/www/bitrix/modules/main/lib/db/mysqliconnection.php:137
#0: Bitrix\Main\DB\MysqliConnection-&gt;queryInternal(string, array, NULL)
	/home/bitrix/www/bitrix/modules/main/lib/db/connection.php:329
#1: Bitrix\Main\DB\Connection-&gt;query(string)
	/home/bitrix/www/bitrix/modules/main/lib/config/option.php:226
#2: Bitrix\Main\Config\Option::load(string, NULL)
	/home/bitrix/www/bitrix/modules/main/lib/config/option.php:53
#3: Bitrix\Main\Config\Option::get(string, string, string)
	/home/bitrix/www/bitrix/modules/main/lib/httprequest.php:339
#4: Bitrix\Main\HttpRequest-&gt;prepareCookie(array)
	/home/bitrix/www/bitrix/modules/main/lib/httprequest.php:63
#5: Bitrix\Main\HttpRequest-&gt;__construct(object, array, array, array, array)
	/home/bitrix/www/bitrix/modules/main/lib/httpapplication.php:42
#6: Bitrix\Main\HttpApplication-&gt;initializeContext(array)
	/home/bitrix/www/bitrix/modules/main/lib/application.php:122
#7: Bitrix\Main\Application-&gt;initializeExtendedKernel(array)
	/home/bitrix/www/bitrix/modules/main/include.php:23
#8: require_once(string)
	/home/bitrix/www/bitrix/modules/main/include/prolog_before.php:14
#9: require(string)
	/home/bitrix/www/bitrix/modules/mail/smtpd.php:10
</pre><pre>[Bitrix\Main\DB\SqlQueryException] 
Mysql query error: (1146) Table 'bitrix_94.b_option' doesn't exist (400)
SELECT o.SITE_ID, o.MODULE_ID, o.NAME, o.VALUE FROM b_option o 
/home/bitrix/www/bitrix/modules/main/lib/db/mysqliconnection.php:137
#0: Bitrix\Main\DB\MysqliConnection-&gt;queryInternal(string, array, NULL)
	/home/bitrix/www/bitrix/modules/main/lib/db/connection.php:329
#1: Bitrix\Main\DB\Connection-&gt;query(string)
	/home/bitrix/www/bitrix/modules/main/lib/config/option.php:226
#2: Bitrix\Main\Config\Option::load(string, NULL)
	/home/bitrix/www/bitrix/modules/main/lib/config/option.php:53
#3: Bitrix\Main\Config\Option::get(string, string, string)
	/home/bitrix/www/bitrix/modules/main/lib/httprequest.php:339
#4: Bitrix\Main\HttpRequest-&gt;prepareCookie(array)
	/home/bitrix/www/bitrix/modules/main/lib/httprequest.php:63
#5: Bitrix\Main\HttpRequest-&gt;__construct(object, array, array, array, array)
	/home/bitrix/www/bitrix/modules/main/lib/httpapplication.php:42
#6: Bitrix\Main\HttpApplication-&gt;initializeContext(array)
	/home/bitrix/www/bitrix/modules/main/lib/application.php:122
#7: Bitrix\Main\Application-&gt;initializeExtendedKernel(array)
	/home/bitrix/www/bitrix/modules/main/include.php:23
#8: require_once(string)
	/home/bitrix/www/bitrix/modules/main/include/prolog_before.php:14
#9: require(string)
	/home/bitrix/www/bitrix/modules/mail/smtpd.php:10
</pre><pre>[Bitrix\Main\DB\SqlQueryException] 
Mysql query error: (1146) Table 'bitrix_94.b_option' doesn't exist (400)
SELECT o.SITE_ID, o.MODULE_ID, o.NAME, o.VALUE FROM b_option o 
/home/bitrix/www/bitrix/modules/main/lib/db/mysqliconnection.php:137
#0: Bitrix\Main\DB\MysqliConnection-&gt;queryInternal(string, array, NULL)
	/home/bitrix/www/bitrix/modules/main/lib/db/connection.php:329
#1: Bitrix\Main\DB\Connection-&gt;query(string)
	/home/bitrix/www/bitrix/modules/main/lib/config/option.php:226
#2: Bitrix\Main\Config\Option::load(string, NULL)
	/home/bitrix/www/bitrix/modules/main/lib/config/option.php:53
#3: Bitrix\Main\Config\Option::get(string, string, string)
	/home/bitrix/www/bitrix/modules/main/lib/httprequest.php:339
#4: Bitrix\Main\HttpRequest-&gt;prepareCookie(array)
	/home/bitrix/www/bitrix/modules/main/lib/httprequest.php:63
#5: Bitrix\Main\HttpRequest-&gt;__construct(object, array, array, array, array)
	/home/bitrix/www/bitrix/modules/main/lib/httpapplication.php:42
#6: Bitrix\Main\HttpApplication-&gt;initializeContext(array)
	/home/bitrix/www/bitrix/modules/main/lib/application.php:122
#7: Bitrix\Main\Application-&gt;initializeExtendedKernel(array)
	/home/bitrix/www/bitrix/modules/main/include.php:23
#8: require_once(string)
	/home/bitrix/www/bitrix/modules/main/include/prolog_before.php:14
#9: require(string)
	/home/bitrix/www/bitrix/modules/mail/smtpd.php:10
</pre><pre>[Bitrix\Main\DB\SqlQueryException] 
Mysql query error: (1146) Table 'bitrix_94.b_option' doesn't exist (400)
SELECT o.SITE_ID, o.MODULE_ID, o.NAME, o.VALUE FROM b_option o 
/home/bitrix/www/bitrix/modules/main/lib/db/mysqliconnection.php:137
#0: Bitrix\Main\DB\MysqliConnection-&gt;queryInternal(string, array, NULL)
	/home/bitrix/www/bitrix/modules/main/lib/db/connection.php:329
#1: Bitrix\Main\DB\Connection-&gt;query(string)
	/home/bitrix/www/bitrix/modules/main/lib/config/option.php:226
#2: Bitrix\Main\Config\Option::load(string, NULL)
	/home/bitrix/www/bitrix/modules/main/lib/config/option.php:53
#3: Bitrix\Main\Config\Option::get(string, string, string)
	/home/bitrix/www/bitrix/modules/main/lib/httprequest.php:339
#4: Bitrix\Main\HttpRequest-&gt;prepareCookie(array)
	/home/bitrix/www/bitrix/modules/main/lib/httprequest.php:63
#5: Bitrix\Main\HttpRequest-&gt;__construct(object, array, array, array, array)
	/home/bitrix/www/bitrix/modules/main/lib/httpapplication.php:42
#6: Bitrix\Main\HttpApplication-&gt;initializeContext(array)
	/home/bitrix/www/bitrix/modules/main/lib/application.php:122
#7: Bitrix\Main\Application-&gt;initializeExtendedKernel(array)
	/home/bitrix/www/bitrix/modules/main/include.php:23
#8: require_once(string)
	/home/bitrix/www/bitrix/modules/main/include/prolog_before.php:14
#9: require(string)
	/home/bitrix/www/bitrix/modules/mail/smtpd.php:10
</pre><pre>[Bitrix\Main\DB\SqlQueryException] 
Mysql query error: (1146) Table 'bitrix_94.b_option' doesn't exist (400)
SELECT o.SITE_ID, o.MODULE_ID, o.NAME, o.VALUE FROM b_option o 
/home/bitrix/www/bitrix/modules/main/lib/db/mysqliconnection.php:137
#0: Bitrix\Main\DB\MysqliConnection-&gt;queryInternal(string, array, NULL)
	/home/bitrix/www/bitrix/modules/main/lib/db/connection.php:329
#1: Bitrix\Main\DB\Connection-&gt;query(string)
	/home/bitrix/www/bitrix/modules/main/lib/config/option.php:226
#2: Bitrix\Main\Config\Option::load(string, NULL)
	/home/bitrix/www/bitrix/modules/main/lib/config/option.php:53
#3: Bitrix\Main\Config\Option::get(string, string, string)
	/home/bitrix/www/bitrix/modules/main/lib/httprequest.php:339
#4: Bitrix\Main\HttpRequest-&gt;prepareCookie(array)
	/home/bitrix/www/bitrix/modules/main/lib/httprequest.php:63
#5: Bitrix\Main\HttpRequest-&gt;__construct(object, array, array, array, array)
	/home/bitrix/www/bitrix/modules/main/lib/httpapplication.php:42
#6: Bitrix\Main\HttpApplication-&gt;initializeContext(array)
	/home/bitrix/www/bitrix/modules/main/lib/application.php:122
#7: Bitrix\Main\Application-&gt;initializeExtendedKernel(array)
	/home/bitrix/www/bitrix/modules/main/include.php:23
#8: require_once(string)
	/home/bitrix/www/bitrix/modules/main/include/prolog_before.php:14
#9: require(string)
	/home/bitrix/www/bitrix/modules/mail/smtpd.php:10
</pre><pre>[Bitrix\Main\DB\SqlQueryException] 
Mysql query error: (1146) Table 'bitrix_94.b_option' doesn't exist (400)
SELECT o.SITE_ID, o.MODULE_ID, o.NAME, o.VALUE FROM b_option o 
/home/bitrix/www/bitrix/modules/main/lib/db/mysqliconnection.php:137
#0: Bitrix\Main\DB\MysqliConnection-&gt;queryInternal(string, array, NULL)
	/home/bitrix/www/bitrix/modules/main/lib/db/connection.php:329
#1: Bitrix\Main\DB\Connection-&gt;query(string)
	/home/bitrix/www/bitrix/modules/main/lib/config/option.php:226
#2: Bitrix\Main\Config\Option::load(string, NULL)
	/home/bitrix/www/bitrix/modules/main/lib/config/option.php:53
#3: Bitrix\Main\Config\Option::get(string, string, string)
	/home/bitrix/www/bitrix/modules/main/lib/httprequest.php:339
#4: Bitrix\Main\HttpRequest-&gt;prepareCookie(array)
	/home/bitrix/www/bitrix/modules/main/lib/httprequest.php:63
#5: Bitrix\Main\HttpRequest-&gt;__construct(object, array, array, array, array)
	/home/bitrix/www/bitrix/modules/main/lib/httpapplication.php:42
#6: Bitrix\Main\HttpApplication-&gt;initializeContext(array)
	/home/bitrix/www/bitrix/modules/main/lib/application.php:122
#7: Bitrix\Main\Application-&gt;initializeExtendedKernel(array)
	/home/bitrix/www/bitrix/modules/main/include.php:23
#8: require_once(string)
	/home/bitrix/www/bitrix/modules/main/include/prolog_before.php:14
#9: require(string)
	/home/bitrix/www/bitrix/modules/mail/smtpd.php:10
</pre><br>
<table cellpadding="1" cellspacing="0" width="35%" bgcolor="#9C9A9C">
	<tr>
		<td><table cellpadding="5" cellspacing="0" width="100%">
			<tr>
				<td bgcolor="#FFFFFF" align="center">
					<FONT face="Verdana, Arial, Helvetica, sans-serif" size="-1">
					<font color="#FF0000"><b>DB query error.</b></font><br>
					Please try later.
					</font><br>
									</td>
			</tr>
		</table></td>
	</tr>
</table>
<br><br><br>
<br>
<table cellpadding="1" cellspacing="0" width="35%" bgcolor="#9C9A9C">
	<tr>
		<td><table cellpadding="5" cellspacing="0" width="100%">
			<tr>
				<td bgcolor="#FFFFFF" align="center">
					<FONT face="Verdana, Arial, Helvetica, sans-serif" size="-1">
					<font color="#FF0000"><b>DB query error.</b></font><br>
					Please try later.
					</font><br>
									</td>
			</tr>
		</table></td>
	</tr>
</table>
<br><br><br>
<br>
<table cellpadding="1" cellspacing="0" width="35%" bgcolor="#9C9A9C">
	<tr>
		<td><table cellpadding="5" cellspacing="0" width="100%">
			<tr>
				<td bgcolor="#FFFFFF" align="center">
					<FONT face="Verdana, Arial, Helvetica, sans-serif" size="-1">
					<font color="#FF0000"><b>DB query error.</b></font><br>
					Please try later.
					</font><br>
									</td>
			</tr>
		</table></td>
	</tr>
</table>
<br><br><br>
<br>
<table cellpadding="1" cellspacing="0" width="35%" bgcolor="#9C9A9C">
	<tr>
		<td><table cellpadding="5" cellspacing="0" width="100%">
			<tr>
				<td bgcolor="#FFFFFF" align="center">
					<FONT face="Verdana, Arial, Helvetica, sans-serif" size="-1">
					<font color="#FF0000"><b>DB query error.</b></font><br>
					Please try later.
					</font><br>
									</td>
			</tr>
		</table></td>
	</tr>
</table>
<br><br><br>
<br>
<table cellpadding="1" cellspacing="0" width="35%" bgcolor="#9C9A9C">
	<tr>
		<td><table cellpadding="5" cellspacing="0" width="100%">
			<tr>
				<td bgcolor="#FFFFFF" align="center">
					<FONT face="Verdana, Arial, Helvetica, sans-serif" size="-1">
					<font color="#FF0000"><b>DB query error.</b></font><br>
					Please try later.
					</font><br>
									</td>
			</tr>
		</table></td>
	</tr>
</table>
<br><br><br>
<br>
<table cellpadding="1" cellspacing="0" width="35%" bgcolor="#9C9A9C">
	<tr>
		<td><table cellpadding="5" cellspacing="0" width="100%">
			<tr>
				<td bgcolor="#FFFFFF" align="center">
					<FONT face="Verdana, Arial, Helvetica, sans-serif" size="-1">
					<font color="#FF0000"><b>DB query error.</b></font><br>
					Please try later.
					</font><br>
									</td>
			</tr>
		</table></td>
	</tr>
</table>
<br><br><br>
<br>
<table cellpadding="1" cellspacing="0" width="35%" bgcolor="#9C9A9C">
	<tr>
		<td><table cellpadding="5" cellspacing="0" width="100%">
			<tr>
				<td bgcolor="#FFFFFF" align="center">
					<FONT face="Verdana, Arial, Helvetica, sans-serif" size="-1">
					<font color="#FF0000"><b>DB query error.</b></font><br>
					Please try later.
					</font><br>
									</td>
			</tr>
		</table></td>
	</tr>
</table>
<br><br><br>
<br>
<table cellpadding="1" cellspacing="0" width="35%" bgcolor="#9C9A9C">
	<tr>
		<td><table cellpadding="5" cellspacing="0" width="100%">
			<tr>
				<td bgcolor="#FFFFFF" align="center">
					<FONT face="Verdana, Arial, Helvetica, sans-serif" size="-1">
					<font color="#FF0000"><b>DB query error.</b></font><br>
					Please try later.
					</font><br>
									</td>
			</tr>
		</table></td>
	</tr>
</table>
<br><br><br>
<br>
<table cellpadding="1" cellspacing="0" width="35%" bgcolor="#9C9A9C">
	<tr>
		<td><table cellpadding="5" cellspacing="0" width="100%">
			<tr>
				<td bgcolor="#FFFFFF" align="center">
					<FONT face="Verdana, Arial, Helvetica, sans-serif" size="-1">
					<font color="#FF0000"><b>DB query error.</b></font><br>
					Please try later.
					</font><br>
									</td>
			</tr>
		</table></td>
	</tr>
</table>
<br><br><br>
<br>
<table cellpadding="1" cellspacing="0" width="35%" bgcolor="#9C9A9C">
	<tr>
		<td><table cellpadding="5" cellspacing="0" width="100%">
			<tr>
				<td bgcolor="#FFFFFF" align="center">
					<FONT face="Verdana, Arial, Helvetica, sans-serif" size="-1">
					<font color="#FF0000"><b>DB query error.</b></font><br>
					Please try later.
					</font><br>
									</td>
			</tr>
		</table></td>
	</tr>
</table>
<br><br><br>
<br>
<table cellpadding="1" cellspacing="0" width="35%" bgcolor="#9C9A9C">
	<tr>
		<td><table cellpadding="5" cellspacing="0" width="100%">
			<tr>
				<td bgcolor="#FFFFFF" align="center">
					<FONT face="Verdana, Arial, Helvetica, sans-serif" size="-1">
					<font color="#FF0000"><b>DB query error.</b></font><br>
					Please try later.
					</font><br>
									</td>
			</tr>
		</table></td>
	</tr>
</table>
<br><br><br>
<br>
<table cellpadding="1" cellspacing="0" width="35%" bgcolor="#9C9A9C">
	<tr>
		<td><table cellpadding="5" cellspacing="0" width="100%">
			<tr>
				<td bgcolor="#FFFFFF" align="center">
					<FONT face="Verdana, Arial, Helvetica, sans-serif" size="-1">
					<font color="#FF0000"><b>DB query error.</b></font><br>
					Please try later.
					</font><br>
									</td>
			</tr>
		</table></td>
	</tr>
</table>
<br><br><br>
<br>
<table cellpadding="1" cellspacing="0" width="35%" bgcolor="#9C9A9C">
	<tr>
		<td><table cellpadding="5" cellspacing="0" width="100%">
			<tr>
				<td bgcolor="#FFFFFF" align="center">
					<FONT face="Verdana, Arial, Helvetica, sans-serif" size="-1">
					<font color="#FF0000"><b>DB query error.</b></font><br>
					Please try later.
					</font><br>
									</td>
			</tr>
		</table></td>
	</tr>
</table>
<br><br><br>
<br>
<table cellpadding="1" cellspacing="0" width="35%" bgcolor="#9C9A9C">
	<tr>
		<td><table cellpadding="5" cellspacing="0" width="100%">
			<tr>
				<td bgcolor="#FFFFFF" align="center">
					<FONT face="Verdana, Arial, Helvetica, sans-serif" size="-1">
					<font color="#FF0000"><b>DB query error.</b></font><br>
					Please try later.
					</font><br>
									</td>
			</tr>
		</table></td>
	</tr>
</table>
<br><br><br>
<br>
<table cellpadding="1" cellspacing="0" width="35%" bgcolor="#9C9A9C">
	<tr>
		<td><table cellpadding="5" cellspacing="0" width="100%">
			<tr>
				<td bgcolor="#FFFFFF" align="center">
					<FONT face="Verdana, Arial, Helvetica, sans-serif" size="-1">
					<font color="#FF0000"><b>DB query error.</b></font><br>
					Please try later.
					</font><br>
									</td>
			</tr>
		</table></td>
	</tr>
</table>
<br><br><br>
<br>
<table cellpadding="1" cellspacing="0" width="35%" bgcolor="#9C9A9C">
	<tr>
		<td><table cellpadding="5" cellspacing="0" width="100%">
			<tr>
				<td bgcolor="#FFFFFF" align="center">
					<FONT face="Verdana, Arial, Helvetica, sans-serif" size="-1">
					<font color="#FF0000"><b>DB query error.</b></font><br>
					Please try later.
					</font><br>
									</td>
			</tr>
		</table></td>
	</tr>
</table>
<br><br><br>
<br>
<table cellpadding="1" cellspacing="0" width="35%" bgcolor="#9C9A9C">
	<tr>
		<td><table cellpadding="5" cellspacing="0" width="100%">
			<tr>
				<td bgcolor="#FFFFFF" align="center">
					<FONT face="Verdana, Arial, Helvetica, sans-serif" size="-1">
					<font color="#FF0000"><b>DB query error.</b></font><br>
					Please try later.
					</font><br>
									</td>
			</tr>
		</table></td>
	</tr>
</table>
<br><br><br>
<br>
<table cellpadding="1" cellspacing="0" width="35%" bgcolor="#9C9A9C">
	<tr>
		<td><table cellpadding="5" cellspacing="0" width="100%">
			<tr>
				<td bgcolor="#FFFFFF" align="center">
					<FONT face="Verdana, Arial, Helvetica, sans-serif" size="-1">
					<font color="#FF0000"><b>DB query error.</b></font><br>
					Please try later.
					</font><br>
									</td>
			</tr>
		</table></td>
	</tr>
</table>
<br><br><br>
<br>
<table cellpadding="1" cellspacing="0" width="35%" bgcolor="#9C9A9C">
	<tr>
		<td><table cellpadding="5" cellspacing="0" width="100%">
			<tr>
				<td bgcolor="#FFFFFF" align="center">
					<FONT face="Verdana, Arial, Helvetica, sans-serif" size="-1">
					<font color="#FF0000"><b>DB query error.</b></font><br>
					Please try later.
					</font><br>
									</td>
			</tr>
		</table></td>
	</tr>
</table>
<br><br><br>
<br>
<table cellpadding="1" cellspacing="0" width="35%" bgcolor="#9C9A9C">
	<tr>
		<td><table cellpadding="5" cellspacing="0" width="100%">
			<tr>
				<td bgcolor="#FFFFFF" align="center">
					<FONT face="Verdana, Arial, Helvetica, sans-serif" size="-1">
					<font color="#FF0000"><b>DB query error.</b></font><br>
					Please try later.
					</font><br>
									</td>
			</tr>
		</table></td>
	</tr>
</table>
<br><br><br>
<br>
<table cellpadding="1" cellspacing="0" width="35%" bgcolor="#9C9A9C">
	<tr>
		<td><table cellpadding="5" cellspacing="0" width="100%">
			<tr>
				<td bgcolor="#FFFFFF" align="center">
					<FONT face="Verdana, Arial, Helvetica, sans-serif" size="-1">
					<font color="#FF0000"><b>DB query error.</b></font><br>
					Please try later.
					</font><br>
									</td>
			</tr>
		</table></td>
	</tr>
</table>
<br><br><br>
<br>
<table cellpadding="1" cellspacing="0" width="35%" bgcolor="#9C9A9C">
	<tr>
		<td><table cellpadding="5" cellspacing="0" width="100%">
			<tr>
				<td bgcolor="#FFFFFF" align="center">
					<FONT face="Verdana, Arial, Helvetica, sans-serif" size="-1">
					<font color="#FF0000"><b>DB query error.</b></font><br>
					Please try later.
					</font><br>
									</td>
			</tr>
		</table></td>
	</tr>
</table>
<br><br><br>
<br>
<table cellpadding="1" cellspacing="0" width="35%" bgcolor="#9C9A9C">
	<tr>
		<td><table cellpadding="5" cellspacing="0" width="100%">
			<tr>
				<td bgcolor="#FFFFFF" align="center">
					<FONT face="Verdana, Arial, Helvetica, sans-serif" size="-1">
					<font color="#FF0000"><b>DB query error.</b></font><br>
					Please try later.
					</font><br>
									</td>
			</tr>
		</table></td>
	</tr>
</table>
<br><br><br>
<br>
<table cellpadding="1" cellspacing="0" width="35%" bgcolor="#9C9A9C">
	<tr>
		<td><table cellpadding="5" cellspacing="0" width="100%">
			<tr>
				<td bgcolor="#FFFFFF" align="center">
					<FONT face="Verdana, Arial, Helvetica, sans-serif" size="-1">
					<font color="#FF0000"><b>DB query error.</b></font><br>
					Please try later.
					</font><br>
									</td>
			</tr>
		</table></td>
	</tr>
</table>
<br><br><br>
<br>
<table cellpadding="1" cellspacing="0" width="35%" bgcolor="#9C9A9C">
	<tr>
		<td><table cellpadding="5" cellspacing="0" width="100%">
			<tr>
				<td bgcolor="#FFFFFF" align="center">
					<FONT face="Verdana, Arial, Helvetica, sans-serif" size="-1">
					<font color="#FF0000"><b>DB query error.</b></font><br>
					Please try later.
					</font><br>
									</td>
			</tr>
		</table></td>
	</tr>
</table>
<br><br><br>
<br>
<table cellpadding="1" cellspacing="0" width="35%" bgcolor="#9C9A9C">
	<tr>
		<td><table cellpadding="5" cellspacing="0" width="100%">
			<tr>
				<td bgcolor="#FFFFFF" align="center">
					<FONT face="Verdana, Arial, Helvetica, sans-serif" size="-1">
					<font color="#FF0000"><b>DB query error.</b></font><br>
					Please try later.
					</font><br>
									</td>
			</tr>
		</table></td>
	</tr>
</table>
<br><br><br>
<br>
<table cellpadding="1" cellspacing="0" width="35%" bgcolor="#9C9A9C">
	<tr>
		<td><table cellpadding="5" cellspacing="0" width="100%">
			<tr>
				<td bgcolor="#FFFFFF" align="center">
					<FONT face="Verdana, Arial, Helvetica, sans-serif" size="-1">
					<font color="#FF0000"><b>DB query error.</b></font><br>
					Please try later.
					</font><br>
									</td>
			</tr>
		</table></td>
	</tr>
</table>
<br><br><br>
<br>
<table cellpadding="1" cellspacing="0" width="35%" bgcolor="#9C9A9C">
	<tr>
		<td><table cellpadding="5" cellspacing="0" width="100%">
			<tr>
				<td bgcolor="#FFFFFF" align="center">
					<FONT face="Verdana, Arial, Helvetica, sans-serif" size="-1">
					<font color="#FF0000"><b>DB query error.</b></font><br>
					Please try later.
					</font><br>
									</td>
			</tr>
		</table></td>
	</tr>
</table>
<br><br><br>
При выполнении скрипта возникла ошибка. Включить расширенный вывод ошибок можно в файле настроек <a href='https://dev.1c-bitrix.ru/learning/course/index.php?COURSE_ID=43&LESSON_ID=2795'>.settings.php</a>При выполнении скрипта возникла ошибка. Включить расширенный вывод ошибок можно в файле настроек <a href='https://dev.1c-bitrix.ru/learning/course/index.php?COURSE_ID=43&LESSON_ID=2795'>.settings.php</a><br>
<table cellpadding="1" cellspacing="0" width="35%" bgcolor="#9C9A9C">
	<tr>
		<td><table cellpadding="5" cellspacing="0" width="100%">
			<tr>
				<td bgcolor="#FFFFFF" align="center">
					<FONT face="Verdana, Arial, Helvetica, sans-serif" size="-1">
					<font color="#FF0000"><b>DB query error.</b></font><br>
					Please try later.
					</font><br>
									</td>
			</tr>
		</table></td>
	</tr>
</table>
<br><br><br>
The script encountered an error and will be aborted. To view extended error messages, enable this feature in <a href='https://www.bitrixsoft.com/support/training/course/index.php?COURSE_ID=68&LESSON_ID=5962'>.settings.php</a>.<br>
<table cellpadding="1" cellspacing="0" width="35%" bgcolor="#9C9A9C">
	<tr>
		<td><table cellpadding="5" cellspacing="0" width="100%">
			<tr>
				<td bgcolor="#FFFFFF" align="center">
					<FONT face="Verdana, Arial, Helvetica, sans-serif" size="-1">
					<font color="#FF0000"><b>DB query error.</b></font><br>
					Please try later.
					</font><br>
									</td>
			</tr>
		</table></td>
	</tr>
</table>
<br><br><br>
The script encountered an error and will be aborted. To view extended error messages, enable this feature in <a href='https://www.bitrixsoft.com/support/training/course/index.php?COURSE_ID=68&LESSON_ID=5962'>.settings.php</a>.The script encountered an error and will be aborted. To view extended error messages, enable this feature in <a href='https://www.bitrixsoft.com/support/training/course/index.php?COURSE_ID=68&LESSON_ID=5962'>.settings.php</a>.The script encountered an error and will be aborted. To view extended error messages, enable this feature in <a href='https://www.bitrixsoft.com/support/training/course/index.php?COURSE_ID=68&LESSON_ID=5962'>.settings.php</a>.<br>
<table cellpadding="1" cellspacing="0" width="35%" bgcolor="#9C9A9C">
	<tr>
		<td><table cellpadding="5" cellspacing="0" width="100%">
			<tr>
				<td bgcolor="#FFFFFF" align="center">
					<FONT face="Verdana, Arial, Helvetica, sans-serif" size="-1">
					<font color="#FF0000"><b>DB query error.</b></font><br>
					Please try later.
					</font><br>
									</td>
			</tr>
		</table></td>
	</tr>
</table>
<br><br><br>
<br>
<table cellpadding="1" cellspacing="0" width="35%" bgcolor="#9C9A9C">
	<tr>
		<td><table cellpadding="5" cellspacing="0" width="100%">
			<tr>
				<td bgcolor="#FFFFFF" align="center">
					<FONT face="Verdana, Arial, Helvetica, sans-serif" size="-1">
					<font color="#FF0000"><b>DB query error.</b></font><br>
					Please try later.
					</font><br>
									</td>
			</tr>
		</table></td>
	</tr>
</table>
<br><br><br>
При выполнении скрипта возникла ошибка. Включить расширенный вывод ошибок можно в файле настроек <a href='https://dev.1c-bitrix.ru/learning/course/index.php?COURSE_ID=43&LESSON_ID=2795'>.settings.php</a><br>
<table cellpadding="1" cellspacing="0" width="35%" bgcolor="#9C9A9C">
	<tr>
		<td><table cellpadding="5" cellspacing="0" width="100%">
			<tr>
				<td bgcolor="#FFFFFF" align="center">
					<FONT face="Verdana, Arial, Helvetica, sans-serif" size="-1">
					<font color="#FF0000"><b>DB query error.</b></font><br>
					Please try later.
					</font><br>
									</td>
			</tr>
		</table></td>
	</tr>
</table>
<br><br><br>
При выполнении скрипта возникла ошибка. Включить расширенный вывод ошибок можно в файле настроек <a href='https://dev.1c-bitrix.ru/learning/course/index.php?COURSE_ID=43&LESSON_ID=2795'>.settings.php</a>При выполнении скрипта возникла ошибка. Включить расширенный вывод ошибок можно в файле настроек <a href='https://dev.1c-bitrix.ru/learning/course/index.php?COURSE_ID=43&LESSON_ID=2795'>.settings.php</a><br>
<table cellpadding="1" cellspacing="0" width="35%" bgcolor="#9C9A9C">
	<tr>
		<td><table cellpadding="5" cellspacing="0" width="100%">
			<tr>
				<td bgcolor="#FFFFFF" align="center">
					<FONT face="Verdana, Arial, Helvetica, sans-serif" size="-1">
					<font color="#FF0000"><b>DB query error.</b></font><br>
					Please try later.
					</font><br>
									</td>
			</tr>
		</table></td>
	</tr>
</table>
<br><br><br>
<br>
<table cellpadding="1" cellspacing="0" width="35%" bgcolor="#9C9A9C">
	<tr>
		<td><table cellpadding="5" cellspacing="0" width="100%">
			<tr>
				<td bgcolor="#FFFFFF" align="center">
					<FONT face="Verdana, Arial, Helvetica, sans-serif" size="-1">
					<font color="#FF0000"><b>DB query error.</b></font><br>
					Please try later.
					</font><br>
									</td>
			</tr>
		</table></td>
	</tr>
</table>
<br><br><br>
При выполнении скрипта возникла ошибка. Включить расширенный вывод ошибок можно в файле настроек <a href='https://dev.1c-bitrix.ru/learning/course/index.php?COURSE_ID=43&LESSON_ID=2795'>.settings.php</a><br>
<table cellpadding="1" cellspacing="0" width="35%" bgcolor="#9C9A9C">
	<tr>
		<td><table cellpadding="5" cellspacing="0" width="100%">
			<tr>
				<td bgcolor="#FFFFFF" align="center">
					<FONT face="Verdana, Arial, Helvetica, sans-serif" size="-1">
					<font color="#FF0000"><b>DB query error.</b></font><br>
					Please try later.
					</font><br>
									</td>
			</tr>
		</table></td>
	</tr>
</table>
<br><br><br>
<pre>[Bitrix\Main\DB\ConnectionException] 
Mysql connect error [localhost]: (2002) No such file or directory (400)
/home/bitrix/www/bitrix/modules/main/lib/db/mysqliconnection.php:65
#0: Bitrix\Main\DB\MysqliConnection-&gt;connectInternal()
	/home/bitrix/www/bitrix/modules/main/lib/db/mysqliconnection.php:122
#1: Bitrix\Main\DB\MysqliConnection-&gt;queryInternal(string, NULL, NULL)
	/home/bitrix/www/bitrix/modules/main/lib/db/connection.php:330
#2: Bitrix\Main\DB\Connection-&gt;query(string, NULL, integer, integer)
	/home/bitrix/www/bitrix/modules/main/lib/db/connection.php:358
#3: Bitrix\Main\DB\Connection-&gt;queryScalar(string)
	/home/bitrix/www/bitrix/modules/security/lib/session.php:114
#4: Bitrix\Security\SessionTable::lock(string, integer)
	/home/bitrix/www/bitrix/modules/security/classes/general/session_db.php:52
#5: CSecuritySessionDB::read(string)
	
#6: session_start()
	/home/bitrix/www/bitrix/modules/main/include.php:281
#7: require_once(string)
	/home/bitrix/www/bitrix/modules/main/include/prolog_before.php:14
#8: require(string)
	/home/bitrix/www/bitrix/modules/mail/smtpd.php:10
</pre><pre>[Bitrix\Main\DB\ConnectionException] 
Mysql connect error [localhost]: (2002) No such file or directory (400)
/home/bitrix/www/bitrix/modules/main/lib/db/mysqliconnection.php:65
#0: Bitrix\Main\DB\MysqliConnection-&gt;connectInternal()
	/home/bitrix/www/bitrix/modules/main/lib/db/mysqliconnection.php:122
#1: Bitrix\Main\DB\MysqliConnection-&gt;queryInternal(string, NULL, NULL)
	/home/bitrix/www/bitrix/modules/main/lib/db/connection.php:330
#2: Bitrix\Main\DB\Connection-&gt;query(string, NULL, integer, integer)
	/home/bitrix/www/bitrix/modules/main/lib/db/connection.php:358
#3: Bitrix\Main\DB\Connection-&gt;queryScalar(string)
	/home/bitrix/www/bitrix/modules/security/lib/session.php:114
#4: Bitrix\Security\SessionTable::lock(string, integer)
	/home/bitrix/www/bitrix/modules/security/classes/general/session_db.php:52
#5: CSecuritySessionDB::read(string)
	
#6: session_start()
	/home/bitrix/www/bitrix/modules/main/include.php:281
#7: require_once(string)
	/home/bitrix/www/bitrix/modules/main/include/prolog_before.php:14
#8: require(string)
	/home/bitrix/www/bitrix/modules/mail/smtpd.php:10
</pre><pre>[Bitrix\Main\DB\ConnectionException] 
Mysql connect error [localhost]: (2002) No such file or directory (400)
/home/bitrix/www/bitrix/modules/main/lib/db/mysqliconnection.php:65
#0: Bitrix\Main\DB\MysqliConnection-&gt;connectInternal()
	/home/bitrix/www/bitrix/modules/main/lib/db/mysqliconnection.php:122
#1: Bitrix\Main\DB\MysqliConnection-&gt;queryInternal(string, NULL, NULL)
	/home/bitrix/www/bitrix/modules/main/lib/db/connection.php:330
#2: Bitrix\Main\DB\Connection-&gt;query(string, NULL, integer, integer)
	/home/bitrix/www/bitrix/modules/main/lib/db/connection.php:358
#3: Bitrix\Main\DB\Connection-&gt;queryScalar(string)
	/home/bitrix/www/bitrix/modules/security/lib/session.php:114
#4: Bitrix\Security\SessionTable::lock(string, integer)
	/home/bitrix/www/bitrix/modules/security/classes/general/session_db.php:52
#5: CSecuritySessionDB::read(string)
	
#6: session_start()
	/home/bitrix/www/bitrix/modules/main/include.php:281
#7: require_once(string)
	/home/bitrix/www/bitrix/modules/main/include/prolog_before.php:14
#8: require(string)
	/home/bitrix/www/bitrix/modules/mail/smtpd.php:10
</pre><br>
<table cellpadding="1" cellspacing="0" width="35%" bgcolor="#9C9A9C">
	<tr>
		<td><table cellpadding="5" cellspacing="0" width="100%">
			<tr>
				<td bgcolor="#FFFFFF" align="center">
					<FONT face="Verdana, Arial, Helvetica, sans-serif" size="-1">
					<font color="#FF0000"><b>DB query error.</b></font><br>
					Please try later.
					</font><br>
									</td>
			</tr>
		</table></td>
	</tr>
</table>
<br><br><br>
<pre>[Bitrix\Main\DB\ConnectionException] 
Mysql connect error [localhost]: (2002) No such file or directory (400)
/home/bitrix/www/bitrix/modules/main/lib/db/mysqliconnection.php:65
#0: Bitrix\Main\DB\MysqliConnection-&gt;connectInternal()
	/home/bitrix/www/bitrix/modules/main/lib/db/mysqliconnection.php:122
#1: Bitrix\Main\DB\MysqliConnection-&gt;queryInternal(string, array, NULL)
	/home/bitrix/www/bitrix/modules/main/lib/db/connection.php:330
#2: Bitrix\Main\DB\Connection-&gt;query(string)
	/home/bitrix/www/bitrix/modules/main/lib/config/option.php:226
#3: Bitrix\Main\Config\Option::load(string, NULL)
	/home/bitrix/www/bitrix/modules/main/lib/config/option.php:53
#4: Bitrix\Main\Config\Option::get(string, string, string)
	/home/bitrix/www/bitrix/modules/main/lib/httprequest.php:392
#5: Bitrix\Main\HttpRequest-&gt;prepareCookie(array)
	/home/bitrix/www/bitrix/modules/main/lib/httprequest.php:69
#6: Bitrix\Main\HttpRequest-&gt;__construct(object, array, array, array, array)
	/home/bitrix/www/bitrix/modules/main/lib/httpapplication.php:46
#7: Bitrix\Main\HttpApplication-&gt;initializeContext(array)
	/home/bitrix/www/bitrix/modules/main/lib/application.php:122
#8: Bitrix\Main\Application-&gt;initializeExtendedKernel(array)
	/home/bitrix/www/bitrix/modules/main/include.php:22
#9: require_once(string)
	/home/bitrix/www/bitrix/modules/main/include/prolog_before.php:14
#10: require(string)
	/home/bitrix/www/bitrix/modules/mail/smtpd.php:10
</pre><pre>[Bitrix\Main\DB\ConnectionException] 
Mysql connect error [localhost]: (2002) No such file or directory (400)
/home/bitrix/www/bitrix/modules/main/lib/db/mysqliconnection.php:65
#0: Bitrix\Main\DB\MysqliConnection-&gt;connectInternal()
	/home/bitrix/www/bitrix/modules/main/lib/db/mysqliconnection.php:122
#1: Bitrix\Main\DB\MysqliConnection-&gt;queryInternal(string, array, NULL)
	/home/bitrix/www/bitrix/modules/main/lib/db/connection.php:330
#2: Bitrix\Main\DB\Connection-&gt;query(string)
	/home/bitrix/www/bitrix/modules/main/lib/config/option.php:226
#3: Bitrix\Main\Config\Option::load(string, NULL)
	/home/bitrix/www/bitrix/modules/main/lib/config/option.php:53
#4: Bitrix\Main\Config\Option::get(string, string, string)
	/home/bitrix/www/bitrix/modules/main/lib/httprequest.php:392
#5: Bitrix\Main\HttpRequest-&gt;prepareCookie(array)
	/home/bitrix/www/bitrix/modules/main/lib/httprequest.php:69
#6: Bitrix\Main\HttpRequest-&gt;__construct(object, array, array, array, array)
	/home/bitrix/www/bitrix/modules/main/lib/httpapplication.php:46
#7: Bitrix\Main\HttpApplication-&gt;initializeContext(array)
	/home/bitrix/www/bitrix/modules/main/lib/application.php:122
#8: Bitrix\Main\Application-&gt;initializeExtendedKernel(array)
	/home/bitrix/www/bitrix/modules/main/include.php:22
#9: require_once(string)
	/home/bitrix/www/bitrix/modules/main/include/prolog_before.php:14
#10: require(string)
	/home/bitrix/www/bitrix/modules/mail/smtpd.php:10
</pre><br>
<table cellpadding="1" cellspacing="0" width="35%" bgcolor="#9C9A9C">
	<tr>
		<td><table cellpadding="5" cellspacing="0" width="100%">
			<tr>
				<td bgcolor="#FFFFFF" align="center">
					<FONT face="Verdana, Arial, Helvetica, sans-serif" size="-1">
					<font color="#FF0000"><b>DB query error.</b></font><br>
					Please try later.
					</font><br>
									</td>
			</tr>
		</table></td>
	</tr>
</table>
<br><br><br>
<br>
<table cellpadding="1" cellspacing="0" width="35%" bgcolor="#9C9A9C">
	<tr>
		<td><table cellpadding="5" cellspacing="0" width="100%">
			<tr>
				<td bgcolor="#FFFFFF" align="center">
					<FONT face="Verdana, Arial, Helvetica, sans-serif" size="-1">
					<font color="#FF0000"><b>DB query error.</b></font><br>
					Please try later.
					</font><br>
									</td>
			</tr>
		</table></td>
	</tr>
</table>
<br><br><br>
<br>
<table cellpadding="1" cellspacing="0" width="35%" bgcolor="#9C9A9C">
	<tr>
		<td><table cellpadding="5" cellspacing="0" width="100%">
			<tr>
				<td bgcolor="#FFFFFF" align="center">
					<FONT face="Verdana, Arial, Helvetica, sans-serif" size="-1">
					<font color="#FF0000"><b>DB query error.</b></font><br>
					Please try later.
					</font><br>
									</td>
			</tr>
		</table></td>
	</tr>
</table>
<br><br><br>
<br>
<table cellpadding="1" cellspacing="0" width="35%" bgcolor="#9C9A9C">
	<tr>
		<td><table cellpadding="5" cellspacing="0" width="100%">
			<tr>
				<td bgcolor="#FFFFFF" align="center">
					<FONT face="Verdana, Arial, Helvetica, sans-serif" size="-1">
					<font color="#FF0000"><b>DB query error.</b></font><br>
					Please try later.
					</font><br>
									</td>
			</tr>
		</table></td>
	</tr>
</table>
<br><br><br>
<br>
<table cellpadding="1" cellspacing="0" width="35%" bgcolor="#9C9A9C">
	<tr>
		<td><table cellpadding="5" cellspacing="0" width="100%">
			<tr>
				<td bgcolor="#FFFFFF" align="center">
					<FONT face="Verdana, Arial, Helvetica, sans-serif" size="-1">
					<font color="#FF0000"><b>DB query error.</b></font><br>
					Please try later.
					</font><br>
									</td>
			</tr>
		</table></td>
	</tr>
</table>
<br><br><br>
<br>
<table cellpadding="1" cellspacing="0" width="35%" bgcolor="#9C9A9C">
	<tr>
		<td><table cellpadding="5" cellspacing="0" width="100%">
			<tr>
				<td bgcolor="#FFFFFF" align="center">
					<FONT face="Verdana, Arial, Helvetica, sans-serif" size="-1">
					<font color="#FF0000"><b>DB query error.</b></font><br>
					Please try later.
					</font><br>
									</td>
			</tr>
		</table></td>
	</tr>
</table>
<br><br><br>
PHP Deprecated:  The mbstring.func_overload directive is deprecated in Unknown on line 0
PHP Deprecated:  The mbstring.func_overload directive is deprecated in Unknown on line 0
PHP Deprecated:  The mbstring.func_overload directive is deprecated in Unknown on line 0
<br>
<table cellpadding="1" cellspacing="0" width="35%" bgcolor="#9C9A9C">
	<tr>
		<td><table cellpadding="5" cellspacing="0" width="100%">
			<tr>
				<td bgcolor="#FFFFFF" align="center">
					<FONT face="Verdana, Arial, Helvetica, sans-serif" size="-1">
					<font color="#FF0000"><b>DB query error.</b></font><br>
					Please try later.
					</font><br>
									</td>
			</tr>
		</table></td>
	</tr>
</table>
<br><br><br>
PHP Deprecated:  The mbstring.func_overload directive is deprecated in Unknown on line 0
<br>
<table cellpadding="1" cellspacing="0" width="35%" bgcolor="#9C9A9C">
	<tr>
		<td><table cellpadding="5" cellspacing="0" width="100%">
			<tr>
				<td bgcolor="#FFFFFF" align="center">
					<FONT face="Verdana, Arial, Helvetica, sans-serif" size="-1">
					<font color="#FF0000"><b>DB query error.</b></font><br>
					Please try later.
					</font><br>
									</td>
			</tr>
		</table></td>
	</tr>
</table>
<br><br><br>
PHP Deprecated:  The mbstring.func_overload directive is deprecated in Unknown on line 0
<br>
<table cellpadding="1" cellspacing="0" width="35%" bgcolor="#9C9A9C">
	<tr>
		<td><table cellpadding="5" cellspacing="0" width="100%">
			<tr>
				<td bgcolor="#FFFFFF" align="center">
					<FONT face="Verdana, Arial, Helvetica, sans-serif" size="-1">
					<font color="#FF0000"><b>DB query error.</b></font><br>
					Please try later.
					</font><br>
									</td>
			</tr>
		</table></td>
	</tr>
</table>
<br><br><br>
PHP Deprecated:  The mbstring.func_overload directive is deprecated in Unknown on line 0
<br>
<table cellpadding="1" cellspacing="0" width="35%" bgcolor="#9C9A9C">
	<tr>
		<td><table cellpadding="5" cellspacing="0" width="100%">
			<tr>
				<td bgcolor="#FFFFFF" align="center">
					<FONT face="Verdana, Arial, Helvetica, sans-serif" size="-1">
					<font color="#FF0000"><b>DB query error.</b></font><br>
					Please try later.
					</font><br>
									</td>
			</tr>
		</table></td>
	</tr>
</table>
<br><br><br>
PHP Deprecated:  The mbstring.func_overload directive is deprecated in Unknown on line 0
<br>
<table cellpadding="1" cellspacing="0" width="35%" bgcolor="#9C9A9C">
	<tr>
		<td><table cellpadding="5" cellspacing="0" width="100%">
			<tr>
				<td bgcolor="#FFFFFF" align="center">
					<FONT face="Verdana, Arial, Helvetica, sans-serif" size="-1">
					<font color="#FF0000"><b>DB query error.</b></font><br>
					Please try later.
					</font><br>
									</td>
			</tr>
		</table></td>
	</tr>
</table>
<br><br><br>
PHP Deprecated:  The mbstring.func_overload directive is deprecated in Unknown on line 0
PHP Deprecated:  The mbstring.func_overload directive is deprecated in Unknown on line 0
